c:\users\lance\source\repos\ruthyee12\ceparco_ip\parco integrating project parallel\parco integrating project parallel\x64\debug\vc143.pdb
c:\users\lance\source\repos\ruthyee12\ceparco_ip\parco integrating project parallel\parco integrating project parallel\x64\debug\vc143.idb
c:\users\lance\source\repos\ruthyee12\ceparco_ip\parco integrating project parallel\parco integrating project parallel\x64\debug\vibe-background-sequential.obj
c:\users\lance\source\repos\ruthyee12\ceparco_ip\parco integrating project parallel\parco integrating project parallel\x64\debug\main.obj
c:\users\lance\source\repos\ruthyee12\ceparco_ip\parco integrating project parallel\parco integrating project parallel\first_history.obj
c:\users\lance\source\repos\ruthyee12\ceparco_ip\parco integrating project parallel\parco integrating project parallel\next_history.obj
c:\users\lance\source\repos\ruthyee12\ceparco_ip\parco integrating project parallel\parco integrating project parallel\output_mask.obj
c:\users\lance\source\repos\ruthyee12\ceparco_ip\parco integrating project parallel\parco integrating project parallel\updateinnerborder.obj
c:\users\lance\source\repos\ruthyee12\ceparco_ip\parco integrating project parallel\x64\debug\parco integrating project parallel.exe
c:\users\lance\source\repos\ruthyee12\ceparco_ip\parco integrating project parallel\x64\debug\parco integrating project parallel.pdb
c:\users\lance\source\repos\ruthyee12\ceparco_ip\parco integrating project parallel\parco integrating project parallel\x64\debug\parco integrating project parallel.ilk
c:\users\lance\source\repos\ruthyee12\ceparco_ip\parco integrating project parallel\parco integrating project parallel\x64\debug\parco in.97eb44ec.tlog\cl.command.1.tlog
c:\users\lance\source\repos\ruthyee12\ceparco_ip\parco integrating project parallel\parco integrating project parallel\x64\debug\parco in.97eb44ec.tlog\cl.items.tlog
c:\users\lance\source\repos\ruthyee12\ceparco_ip\parco integrating project parallel\parco integrating project parallel\x64\debug\parco in.97eb44ec.tlog\cl.read.1.tlog
c:\users\lance\source\repos\ruthyee12\ceparco_ip\parco integrating project parallel\parco integrating project parallel\x64\debug\parco in.97eb44ec.tlog\cl.write.1.tlog
c:\users\lance\source\repos\ruthyee12\ceparco_ip\parco integrating project parallel\parco integrating project parallel\x64\debug\parco in.97eb44ec.tlog\custombuild.command.1.tlog
c:\users\lance\source\repos\ruthyee12\ceparco_ip\parco integrating project parallel\parco integrating project parallel\x64\debug\parco in.97eb44ec.tlog\custombuild.read.1.tlog
c:\users\lance\source\repos\ruthyee12\ceparco_ip\parco integrating project parallel\parco integrating project parallel\x64\debug\parco in.97eb44ec.tlog\custombuild.write.1.tlog
c:\users\lance\source\repos\ruthyee12\ceparco_ip\parco integrating project parallel\parco integrating project parallel\x64\debug\parco in.97eb44ec.tlog\link.command.1.tlog
c:\users\lance\source\repos\ruthyee12\ceparco_ip\parco integrating project parallel\parco integrating project parallel\x64\debug\parco in.97eb44ec.tlog\link.read.1.tlog
c:\users\lance\source\repos\ruthyee12\ceparco_ip\parco integrating project parallel\parco integrating project parallel\x64\debug\parco in.97eb44ec.tlog\link.secondary.1.tlog
c:\users\lance\source\repos\ruthyee12\ceparco_ip\parco integrating project parallel\parco integrating project parallel\x64\debug\parco in.97eb44ec.tlog\link.write.1.tlog
