c:\users\theoni\desktop\ceparco git\ceparco_ip\parco integrating project parallel\parco integrating project parallel\x64\release\vc143.pdb
c:\users\theoni\desktop\ceparco git\ceparco_ip\parco integrating project parallel\parco integrating project parallel\x64\release\vibe-background-sequential.obj
c:\users\theoni\desktop\ceparco git\ceparco_ip\parco integrating project parallel\parco integrating project parallel\x64\release\main.obj
c:\users\lance\source\repos\ruthyee12\ceparco_ip\parco integrating project parallel\parco integrating project parallel\x64\release\vc143.pdb
c:\users\lance\source\repos\ruthyee12\ceparco_ip\parco integrating project parallel\parco integrating project parallel\x64\release\vibe-background-sequential.obj
c:\users\lance\source\repos\ruthyee12\ceparco_ip\parco integrating project parallel\parco integrating project parallel\x64\release\main.obj
c:\users\lance\source\repos\ruthyee12\ceparco_ip\parco integrating project parallel\parco integrating project parallel\first_history.obj
c:\users\lance\source\repos\ruthyee12\ceparco_ip\parco integrating project parallel\parco integrating project parallel\next_history.obj
c:\users\lance\source\repos\ruthyee12\ceparco_ip\parco integrating project parallel\parco integrating project parallel\output_mask.obj
c:\users\theoni\source\repos\parco integrating project parallel\x64\release\parco integrating project parallel.exe
c:\users\theoni\source\repos\parco integrating project parallel\x64\release\parco integrating project parallel.pdb
c:\users\theoni\desktop\ceparco git\ceparco_ip\parco integrating project parallel\x64\release\parco integrating project parallel.exe
c:\users\theoni\desktop\ceparco git\ceparco_ip\parco integrating project parallel\x64\release\parco integrating project parallel.pdb
c:\users\theoni\desktop\ceparco git\ceparco_ip\parco integrating project parallel\parco integrating project parallel\x64\release\parco integrating project parallel.ipdb
c:\users\theoni\desktop\ceparco git\ceparco_ip\parco integrating project parallel\parco integrating project parallel\x64\release\parco integrating project parallel.iobj
c:\users\lance\source\repos\ruthyee12\ceparco_ip\parco integrating project parallel\parco integrating project parallel\x64\release\parco integrating project parallel.ipdb
c:\users\lance\source\repos\ruthyee12\ceparco_ip\parco integrating project parallel\parco integrating project parallel\x64\release\parco integrating project parallel.iobj
c:\users\lance\source\repos\ruthyee12\ceparco_ip\parco integrating project parallel\x64\release\parco integrating project parallel.pdb
c:\users\lance\source\repos\ruthyee12\ceparco_ip\parco integrating project parallel\parco integrating project parallel\x64\release\parco in.97eb44ec.tlog\cl.command.1.tlog
c:\users\lance\source\repos\ruthyee12\ceparco_ip\parco integrating project parallel\parco integrating project parallel\x64\release\parco in.97eb44ec.tlog\cl.items.tlog
c:\users\lance\source\repos\ruthyee12\ceparco_ip\parco integrating project parallel\parco integrating project parallel\x64\release\parco in.97eb44ec.tlog\cl.read.1.tlog
c:\users\lance\source\repos\ruthyee12\ceparco_ip\parco integrating project parallel\parco integrating project parallel\x64\release\parco in.97eb44ec.tlog\cl.write.1.tlog
c:\users\lance\source\repos\ruthyee12\ceparco_ip\parco integrating project parallel\parco integrating project parallel\x64\release\parco in.97eb44ec.tlog\custombuild.command.1.tlog
c:\users\lance\source\repos\ruthyee12\ceparco_ip\parco integrating project parallel\parco integrating project parallel\x64\release\parco in.97eb44ec.tlog\custombuild.read.1.tlog
c:\users\lance\source\repos\ruthyee12\ceparco_ip\parco integrating project parallel\parco integrating project parallel\x64\release\parco in.97eb44ec.tlog\custombuild.write.1.tlog
c:\users\lance\source\repos\ruthyee12\ceparco_ip\parco integrating project parallel\parco integrating project parallel\x64\release\parco in.97eb44ec.tlog\link.command.1.tlog
c:\users\lance\source\repos\ruthyee12\ceparco_ip\parco integrating project parallel\parco integrating project parallel\x64\release\parco in.97eb44ec.tlog\link.read.1.tlog
c:\users\lance\source\repos\ruthyee12\ceparco_ip\parco integrating project parallel\parco integrating project parallel\x64\release\parco in.97eb44ec.tlog\link.secondary.1.tlog
c:\users\lance\source\repos\ruthyee12\ceparco_ip\parco integrating project parallel\parco integrating project parallel\x64\release\parco in.97eb44ec.tlog\link.write.1.tlog
